<?xml version="1.0" encoding="UTF-8"?>
<testsuite name="banking.StoreCommandTest" tests="4" skipped="0" failures="0" errors="0" timestamp="2021-12-12T18:52:24" hostname="Nikhils-MBP.home" time="0.004">
  <properties/>
  <testcase name="valid_command()" classname="banking.StoreCommandTest" time="0.0"/>
  <testcase name="store_multiple_commands()" classname="banking.StoreCommandTest" time="0.0"/>
  <testcase name="store_invalid_ID()" classname="banking.StoreCommandTest" time="0.001"/>
  <testcase name="invalid_command()" classname="banking.StoreCommandTest" time="0.001"/>
  <system-out><![CDATA[]]></system-out>
  <system-err><![CDATA[]]></system-err>
</testsuite>
