<?xml version="1.0" encoding="UTF-8"?>
<testsuite name="banking.CDTest" tests="6" skipped="0" failures="0" errors="0" timestamp="2021-12-12T18:52:23" hostname="Nikhils-MBP.home" time="0.026">
  <properties/>
  <testcase name="withdraw_age_increase_over_over_max()" classname="banking.CDTest" time="0.013"/>
  <testcase name="valid_withdraw_for_CD()" classname="banking.CDTest" time="0.002"/>
  <testcase name="add_CD_account_to_bank()" classname="banking.CDTest" time="0.0"/>
  <testcase name="withdraw_age_increase_max()" classname="banking.CDTest" time="0.001"/>
  <testcase name="withdraw_age_increase_zero()" classname="banking.CDTest" time="0.001"/>
  <testcase name="cannot_deposit_into_CD()" classname="banking.CDTest" time="0.001"/>
  <system-out><![CDATA[]]></system-out>
  <system-err><![CDATA[]]></system-err>
</testsuite>
